2025-09-13 20:09:31 [Test worker] WARN  org.hibernate.orm.deprecation - HHH90000025: H2Dialect does not need to be specified explicitly using 'hibernate.dialect' (remove the property setting and it will be selected by default)
2025-09-13 20:09:33 [Test worker] DEBUG org.hibernate.SQL - drop table if exists inventory_items cascade 
2025-09-13 20:09:33 [Test worker] DEBUG org.hibernate.SQL - drop table if exists users cascade 
2025-09-13 20:09:33 [Test worker] DEBUG org.hibernate.SQL - create table inventory_items (current_value numeric(10,2), purchase_price numeric(10,2), quantity integer not null, created_at timestamp(6) not null, item_id bigint generated by default as identity, updated_at timestamp(6) not null, user_id bigint not null, location varchar(100), name varchar(100) not null, description varchar(500), image_url varchar(255), category enum ('BOOKS','CLOTHING','COLLECTIBLES','ELECTRONICS','FURNITURE','OTHER','SPORTS','TOOLS') not null, status enum ('BROKEN','EXCELLENT','FAIR','GOOD','POOR') not null, primary key (item_id))
2025-09-13 20:09:33 [Test worker] DEBUG org.hibernate.SQL - create table users (created_at timestamp(6) not null, updated_at timestamp(6) not null, user_id bigint generated by default as identity, nickname varchar(50) not null, email varchar(100) not null unique, password varchar(255) not null, role enum ('ADMIN','USER') not null, primary key (user_id))
2025-09-13 20:09:35 [Test worker] WARN  o.s.b.a.o.j.JpaBaseConfiguration$JpaWebConfiguration - spring.jpa.open-in-view is enabled by default. Therefore, database queries may be performed during view rendering. Explicitly configure spring.jpa.open-in-view to disable this warning
2025-09-13 20:09:35 [Test worker] WARN  o.s.b.a.s.s.UserDetailsServiceAutoConfiguration - 

Using generated security password: c067a428-c819-467a-b1ee-813d8db655f8

This generated password is for development use only. Your security configuration must be updated before running your application in production.

2025-09-13 20:09:41 [SpringApplicationShutdownHook] DEBUG org.hibernate.SQL - drop table if exists inventory_items cascade 
2025-09-13 20:09:41 [SpringApplicationShutdownHook] DEBUG org.hibernate.SQL - drop table if exists users cascade 
2025-09-13 20:10:39 [Test worker] WARN  org.hibernate.orm.deprecation - HHH90000025: H2Dialect does not need to be specified explicitly using 'hibernate.dialect' (remove the property setting and it will be selected by default)
2025-09-13 20:10:41 [Test worker] DEBUG org.hibernate.SQL - drop table if exists inventory_items cascade 
2025-09-13 20:10:41 [Test worker] DEBUG org.hibernate.SQL - drop table if exists users cascade 
2025-09-13 20:10:41 [Test worker] DEBUG org.hibernate.SQL - create table inventory_items (current_value numeric(10,2), purchase_price numeric(10,2), quantity integer not null, created_at timestamp(6) not null, item_id bigint generated by default as identity, updated_at timestamp(6) not null, user_id bigint not null, location varchar(100), name varchar(100) not null, description varchar(500), image_url varchar(255), category enum ('BOOKS','CLOTHING','COLLECTIBLES','ELECTRONICS','FURNITURE','OTHER','SPORTS','TOOLS') not null, status enum ('BROKEN','EXCELLENT','FAIR','GOOD','POOR') not null, primary key (item_id))
2025-09-13 20:10:41 [Test worker] DEBUG org.hibernate.SQL - create table users (created_at timestamp(6) not null, updated_at timestamp(6) not null, user_id bigint generated by default as identity, nickname varchar(50) not null, email varchar(100) not null unique, password varchar(255) not null, role enum ('ADMIN','USER') not null, primary key (user_id))
2025-09-13 20:10:43 [Test worker] WARN  o.s.b.a.o.j.JpaBaseConfiguration$JpaWebConfiguration - spring.jpa.open-in-view is enabled by default. Therefore, database queries may be performed during view rendering. Explicitly configure spring.jpa.open-in-view to disable this warning
2025-09-13 20:10:43 [Test worker] WARN  o.s.b.a.s.s.UserDetailsServiceAutoConfiguration - 

Using generated security password: 3ef53cf1-9964-430a-b1f8-e98d5c7431b0

This generated password is for development use only. Your security configuration must be updated before running your application in production.

2025-09-13 20:10:49 [SpringApplicationShutdownHook] DEBUG org.hibernate.SQL - drop table if exists inventory_items cascade 
2025-09-13 20:10:49 [SpringApplicationShutdownHook] DEBUG org.hibernate.SQL - drop table if exists users cascade 
2025-09-13 20:23:46 [Test worker] WARN  org.hibernate.orm.deprecation - HHH90000025: H2Dialect does not need to be specified explicitly using 'hibernate.dialect' (remove the property setting and it will be selected by default)
2025-09-13 20:23:48 [Test worker] DEBUG org.hibernate.SQL - drop table if exists inventory_items cascade 
2025-09-13 20:23:48 [Test worker] DEBUG org.hibernate.SQL - drop table if exists users cascade 
2025-09-13 20:23:48 [Test worker] DEBUG org.hibernate.SQL - create table inventory_items (current_value numeric(10,2), purchase_price numeric(10,2), quantity integer not null, created_at timestamp(6) not null, item_id bigint generated by default as identity, updated_at timestamp(6) not null, user_id bigint not null, location varchar(100), name varchar(100) not null, description varchar(500), image_url varchar(255), category enum ('BOOKS','CLOTHING','COLLECTIBLES','ELECTRONICS','FURNITURE','OTHER','SPORTS','TOOLS') not null, status enum ('BROKEN','EXCELLENT','FAIR','GOOD','POOR') not null, primary key (item_id))
2025-09-13 20:23:48 [Test worker] DEBUG org.hibernate.SQL - create table users (created_at timestamp(6) not null, updated_at timestamp(6) not null, user_id bigint generated by default as identity, nickname varchar(50) not null, email varchar(100) not null unique, password varchar(255) not null, role enum ('ADMIN','USER') not null, primary key (user_id))
2025-09-13 20:23:50 [Test worker] WARN  o.s.b.a.o.j.JpaBaseConfiguration$JpaWebConfiguration - spring.jpa.open-in-view is enabled by default. Therefore, database queries may be performed during view rendering. Explicitly configure spring.jpa.open-in-view to disable this warning
2025-09-13 20:23:50 [Test worker] WARN  o.s.b.a.s.s.UserDetailsServiceAutoConfiguration - 

Using generated security password: 4444f109-d645-4bfb-a588-d1c25b3bc15c

This generated password is for development use only. Your security configuration must be updated before running your application in production.

2025-09-13 20:23:57 [SpringApplicationShutdownHook] DEBUG org.hibernate.SQL - drop table if exists inventory_items cascade 
2025-09-13 20:23:57 [SpringApplicationShutdownHook] DEBUG org.hibernate.SQL - drop table if exists users cascade 
